生成启动时间为 2013/5/28 12:28:58。
     1>项目“D:\VS2010\data\小作业1\小作业1\小作业1.vcxproj”在节点 2 上(build 个目标)。
     1>InitializeBuildStatus:
         正在对“Debug\小作业1.unsuccessfulbuild”执行 Touch 任务。
       ClCompile:
         D:\VS2010\VC\bin\CL.exe /c /ZI /nologo /W3 /WX- /Od /Oy- /D WIN32 /D _DEBUG /D _CONSOLE /D _UNICODE /D UNICODE /Gm /EHsc /RTC1 /MDd /GS /fp:precise /Zc:wchar_t /Zc:forScope /Fo"Debug\\" /Fd"Debug\vc100.pdb" /Gd /TP /analyze- /errorReport:prompt Main.cpp word_project.cpp
         word_project.cpp
     1>d:\vs2010\data\小作业1\小作业1\word_project.cpp(129): warning C4018: “<=”: 有符号/无符号不匹配
     1>d:\vs2010\data\小作业1\小作业1\word_project.cpp(131): warning C4018: “<”: 有符号/无符号不匹配
     1>d:\vs2010\data\小作业1\小作业1\word_project.cpp(136): warning C4018: “>”: 有符号/无符号不匹配
     1>d:\vs2010\data\小作业1\小作业1\word_project.cpp(148): warning C4018: “<=”: 有符号/无符号不匹配
         正在生成代码...
     1>d:\vs2010\data\小作业1\小作业1\word_project.cpp(185): warning C4715: “word_project::function_2”: 不是所有的控件路径都返回值
         正在编译...
         Main.cpp
         正在生成代码...
       ManifestResourceCompile:
         所有输出均为最新。
       Link:
         D:\VS2010\VC\bin\link.exe /ERRORREPORT:PROMPT /OUT:"D:\VS2010\data\小作业1\Debug\小作业1.exe" /INCREMENTAL /NOLOGO kernel32.lib user32.lib gdi32.lib winspool.lib comdlg32.lib advapi32.lib shell32.lib ole32.lib oleaut32.lib uuid.lib odbc32.lib odbccp32.lib /MANIFEST /ManifestFile:"Debug\小作业1.exe.intermediate.manifest" /MANIFESTUAC:"level='asInvoker' uiAccess='false'" /DEBUG /PDB:"D:\VS2010\data\小作业1\Debug\小作业1.pdb" /SUBSYSTEM:CONSOLE /TLBID:1 /DYNAMICBASE /NXCOMPAT /IMPLIB:"D:\VS2010\data\小作业1\Debug\小作业1.lib" /MACHINE:X86 "Debug\小作业1.exe.embed.manifest.res"
         Debug\Main.obj
         Debug\word_project.obj
       Manifest:
         c:\Program Files (x86)\Microsoft SDKs\Windows\v7.0A\bin\mt.exe /nologo /verbose /out:"Debug\小作业1.exe.embed.manifest" /manifest "Debug\小作业1.exe.intermediate.manifest"
         所有输出均为最新。
       LinkEmbedManifest:
         所有输出均为最新。
         小作业1.vcxproj -> D:\VS2010\data\小作业1\Debug\小作业1.exe
       FinalizeBuildStatus:
         正在删除文件“Debug\小作业1.unsuccessfulbuild”。
         正在对“Debug\小作业1.lastbuildstate”执行 Touch 任务。
     1>已完成生成项目“D:\VS2010\data\小作业1\小作业1\小作业1.vcxproj”(build 个目标)的操作。

生成成功。

已用时间 00:00:01.66
